<?xml version="1.0" encoding="UTF-8"?>
<coverage generated="1573062360290" clover="3.2.0">
  <project timestamp="1573062360291" name="All files">
    <metrics statements="153" coveredstatements="84" conditionals="70" coveredconditionals="28" methods="31" coveredmethods="19" elements="254" coveredelements="131" complexity="0" loc="153" ncloc="153" packages="6" files="13" classes="13">
      <package name="src">
        <metrics statements="5" coveredstatements="5" conditionals="5" coveredconditionals="2" methods="2" coveredmethods="2"/>
        <file name="App.vue" path="C:\Users\NDENNY\EDUC-PEN-REQUEST\frontend\src\App.vue">
          <metrics statements="5" coveredstatements="5" conditionals="5" coveredconditionals="2" methods="2" coveredmethods="2"/>
          <line num="10" count="1" type="stmt"/>
          <line num="11" count="1" type="stmt"/>
          <line num="12" count="1" type="stmt"/>
          <line num="14" count="9" type="cond" truecount="2" falsecount="3"/>
          <line num="25" count="1" type="stmt"/>
        </file>
      </package>
      <package name="src.common">
        <metrics statements="52" coveredstatements="21" conditionals="19" coveredconditionals="5" methods="9" coveredmethods="1"/>
        <file name="apiService.js" path="C:\Users\NDENNY\EDUC-PEN-REQUEST\frontend\src\common\apiService.js">
          <metrics statements="39" coveredstatements="9" conditionals="15" coveredconditionals="2" methods="9" coveredmethods="1"/>
          <line num="5" count="8" type="stmt"/>
          <line num="6" count="8" type="stmt"/>
          <line num="9" count="2" type="stmt"/>
          <line num="10" count="0" type="cond" truecount="0" falsecount="2"/>
          <line num="11" count="0" type="stmt"/>
          <line num="13" count="0" type="stmt"/>
          <line num="17" count="2" type="stmt"/>
          <line num="21" count="8" type="stmt"/>
          <line num="22" count="8" type="stmt"/>
          <line num="23" count="0" type="stmt"/>
          <line num="24" count="0" type="cond" truecount="0" falsecount="4"/>
          <line num="25" count="0" type="cond" truecount="0" falsecount="2"/>
          <line num="26" count="0" type="stmt"/>
          <line num="27" count="0" type="stmt"/>
          <line num="28" count="0" type="stmt"/>
          <line num="29" count="0" type="stmt"/>
          <line num="30" count="0" type="stmt"/>
          <line num="32" count="0" type="stmt"/>
          <line num="37" count="0" type="stmt"/>
          <line num="38" count="0" type="stmt"/>
          <line num="40" count="0" type="stmt"/>
          <line num="41" count="0" type="stmt"/>
          <line num="43" count="0" type="cond" truecount="0" falsecount="2"/>
          <line num="44" count="0" type="stmt"/>
          <line num="45" count="0" type="stmt"/>
          <line num="46" count="0" type="stmt"/>
          <line num="48" count="0" type="cond" truecount="0" falsecount="2"/>
          <line num="49" count="0" type="stmt"/>
          <line num="52" count="0" type="stmt"/>
          <line num="53" count="0" type="stmt"/>
          <line num="56" count="0" type="stmt"/>
          <line num="57" count="0" type="stmt"/>
          <line num="58" count="0" type="stmt"/>
          <line num="59" count="0" type="stmt"/>
          <line num="61" count="0" type="stmt"/>
          <line num="65" count="0" type="stmt"/>
          <line num="76" count="2" type="cond" truecount="2" falsecount="0"/>
          <line num="77" count="1" type="stmt"/>
          <line num="79" count="1" type="stmt"/>
        </file>
        <file name="authService.js" path="C:\Users\NDENNY\EDUC-PEN-REQUEST\frontend\src\common\authService.js">
          <metrics statements="13" coveredstatements="12" conditionals="4" coveredconditionals="3" methods="0" coveredmethods="0"/>
          <line num="8" count="7" type="stmt"/>
          <line num="9" count="7" type="stmt"/>
          <line num="10" count="1" type="cond" truecount="1" falsecount="1"/>
          <line num="11" count="0" type="stmt"/>
          <line num="13" count="1" type="stmt"/>
          <line num="15" count="1" type="stmt"/>
          <line num="21" count="3" type="stmt"/>
          <line num="22" count="3" type="stmt"/>
          <line num="26" count="2" type="cond" truecount="2" falsecount="0"/>
          <line num="27" count="1" type="stmt"/>
          <line num="30" count="1" type="stmt"/>
          <line num="32" count="1" type="stmt"/>
          <line num="33" count="1" type="stmt"/>
        </file>
      </package>
      <package name="src.components">
        <metrics statements="25" coveredstatements="18" conditionals="6" coveredconditionals="2" methods="10" coveredmethods="8"/>
        <file name="Header.vue" path="C:\Users\NDENNY\EDUC-PEN-REQUEST\frontend\src\components\Header.vue">
          <metrics statements="8" coveredstatements="7" conditionals="6" coveredconditionals="2" methods="4" coveredmethods="4"/>
          <line num="49" count="2" type="stmt"/>
          <line num="50" count="2" type="stmt"/>
          <line num="51" count="18" type="cond" truecount="2" falsecount="4"/>
          <line num="53" count="2" type="stmt"/>
          <line num="65" count="1" type="stmt"/>
          <line num="66" count="1" type="stmt"/>
          <line num="71" count="2" type="stmt"/>
          <line num="73" count="0" type="stmt"/>
        </file>
        <file name="Home.vue" path="C:\Users\NDENNY\EDUC-PEN-REQUEST\frontend\src\components\Home.vue">
          <metrics statements="4" coveredstatements="4" conditionals="0" coveredconditionals="0" methods="0" coveredmethods="0"/>
          <line num="46" count="1" type="stmt"/>
          <line num="47" count="1" type="stmt"/>
          <line num="48" count="1" type="stmt"/>
          <line num="49" count="1" type="stmt"/>
        </file>
        <file name="Info.vue" path="C:\Users\NDENNY\EDUC-PEN-REQUEST\frontend\src\components\Info.vue">
          <metrics statements="1" coveredstatements="1" conditionals="0" coveredconditionals="0" methods="1" coveredmethods="1"/>
          <line num="35" count="1" type="stmt"/>
        </file>
        <file name="Login.vue" path="C:\Users\NDENNY\EDUC-PEN-REQUEST\frontend\src\components\Login.vue">
          <metrics statements="5" coveredstatements="5" conditionals="0" coveredconditionals="0" methods="2" coveredmethods="2"/>
          <line num="18" count="2" type="stmt"/>
          <line num="19" count="2" type="stmt"/>
          <line num="23" count="3" type="stmt"/>
          <line num="32" count="1" type="stmt"/>
          <line num="33" count="1" type="stmt"/>
        </file>
        <file name="LoginCards.vue" path="C:\Users\NDENNY\EDUC-PEN-REQUEST\frontend\src\components\LoginCards.vue">
          <metrics statements="1" coveredstatements="1" conditionals="0" coveredconditionals="0" methods="1" coveredmethods="1"/>
          <line num="30" count="1" type="stmt"/>
        </file>
        <file name="UserCard.vue" path="C:\Users\NDENNY\EDUC-PEN-REQUEST\frontend\src\components\UserCard.vue">
          <metrics statements="5" coveredstatements="0" conditionals="0" coveredconditionals="0" methods="2" coveredmethods="0"/>
          <line num="40" count="0" type="stmt"/>
          <line num="46" count="0" type="stmt"/>
          <line num="47" count="0" type="stmt"/>
          <line num="52" count="0" type="stmt"/>
          <line num="53" count="0" type="stmt"/>
        </file>
        <file name="UserInfo.vue" path="C:\Users\NDENNY\EDUC-PEN-REQUEST\frontend\src\components\UserInfo.vue">
          <metrics statements="1" coveredstatements="0" conditionals="0" coveredconditionals="0" methods="0" coveredmethods="0"/>
          <line num="8" count="0" type="stmt"/>
        </file>
      </package>
      <package name="src.store">
        <metrics statements="1" coveredstatements="1" conditionals="0" coveredconditionals="0" methods="0" coveredmethods="0"/>
        <file name="index.js" path="C:\Users\NDENNY\EDUC-PEN-REQUEST\frontend\src\store\index.js">
          <metrics statements="1" coveredstatements="1" conditionals="0" coveredconditionals="0" methods="0" coveredmethods="0"/>
          <line num="5" count="1" type="stmt"/>
        </file>
      </package>
      <package name="src.store.modules">
        <metrics statements="64" coveredstatements="34" conditionals="38" coveredconditionals="18" methods="10" coveredmethods="8"/>
        <file name="auth.js" path="C:\Users\NDENNY\EDUC-PEN-REQUEST\frontend\src\store\modules\auth.js">
          <metrics statements="64" coveredstatements="34" conditionals="38" coveredconditionals="18" methods="10" coveredmethods="8"/>
          <line num="12" count="0" type="stmt"/>
          <line num="13" count="6" type="stmt"/>
          <line num="14" count="3" type="stmt"/>
          <line num="15" count="4" type="stmt"/>
          <line num="16" count="3" type="stmt"/>
          <line num="21" count="6" type="cond" truecount="2" falsecount="0"/>
          <line num="23" count="3" type="cond" truecount="1" falsecount="1"/>
          <line num="24" count="3" type="stmt"/>
          <line num="25" count="3" type="stmt"/>
          <line num="27" count="3" type="cond" truecount="3" falsecount="1"/>
          <line num="28" count="9" type="stmt"/>
          <line num="30" count="0" type="stmt"/>
          <line num="33" count="3" type="stmt"/>
          <line num="34" count="3" type="stmt"/>
          <line num="36" count="3" type="stmt"/>
          <line num="37" count="3" type="stmt"/>
          <line num="38" count="3" type="stmt"/>
          <line num="42" count="0" type="cond" truecount="0" falsecount="2"/>
          <line num="43" count="0" type="stmt"/>
          <line num="45" count="0" type="stmt"/>
          <line num="51" count="5" type="cond" truecount="2" falsecount="0"/>
          <line num="52" count="2" type="stmt"/>
          <line num="54" count="3" type="stmt"/>
          <line num="58" count="1" type="stmt"/>
          <line num="59" count="1" type="stmt"/>
          <line num="60" count="1" type="stmt"/>
          <line num="61" count="1" type="stmt"/>
          <line num="67" count="3" type="stmt"/>
          <line num="68" count="3" type="cond" truecount="4" falsecount="0"/>
          <line num="69" count="1" type="cond" truecount="1" falsecount="1"/>
          <line num="70" count="0" type="stmt"/>
          <line num="71" count="0" type="stmt"/>
          <line num="73" count="1" type="stmt"/>
          <line num="74" count="1" type="stmt"/>
          <line num="75" count="1" type="stmt"/>
          <line num="77" count="1" type="cond" truecount="1" falsecount="1"/>
          <line num="78" count="0" type="stmt"/>
          <line num="80" count="0" type="cond" truecount="0" falsecount="2"/>
          <line num="81" count="0" type="stmt"/>
          <line num="83" count="0" type="cond" truecount="0" falsecount="2"/>
          <line num="84" count="0" type="stmt"/>
          <line num="86" count="0" type="stmt"/>
          <line num="90" count="2" type="cond" truecount="1" falsecount="1"/>
          <line num="91" count="0" type="stmt"/>
          <line num="92" count="0" type="stmt"/>
          <line num="94" count="2" type="stmt"/>
          <line num="96" count="0" type="cond" truecount="0" falsecount="2"/>
          <line num="97" count="0" type="stmt"/>
          <line num="99" count="0" type="cond" truecount="0" falsecount="2"/>
          <line num="100" count="0" type="stmt"/>
          <line num="102" count="0" type="stmt"/>
          <line num="107" count="0" type="stmt"/>
          <line num="108" count="0" type="stmt"/>
          <line num="112" count="3" type="stmt"/>
          <line num="113" count="3" type="cond" truecount="1" falsecount="1"/>
          <line num="114" count="0" type="stmt"/>
          <line num="124" count="3" type="stmt"/>
          <line num="125" count="0" type="cond" truecount="0" falsecount="2"/>
          <line num="126" count="0" type="stmt"/>
          <line num="127" count="0" type="cond" truecount="0" falsecount="2"/>
          <line num="128" count="0" type="stmt"/>
          <line num="131" count="0" type="stmt"/>
          <line num="132" count="0" type="stmt"/>
          <line num="136" count="0" type="stmt"/>
        </file>
      </package>
      <package name="src.utils">
        <metrics statements="6" coveredstatements="5" conditionals="2" coveredconditionals="1" methods="0" coveredmethods="0"/>
        <file name="constants.js" path="C:\Users\NDENNY\EDUC-PEN-REQUEST\frontend\src\utils\constants.js">
          <metrics statements="6" coveredstatements="5" conditionals="2" coveredconditionals="1" methods="0" coveredmethods="0"/>
          <line num="1" count="7" type="stmt"/>
          <line num="2" count="7" type="stmt"/>
          <line num="5" count="7" type="cond" truecount="1" falsecount="1"/>
          <line num="6" count="0" type="stmt"/>
          <line num="13" count="7" type="stmt"/>
          <line num="21" count="7" type="stmt"/>
        </file>
      </package>
    </metrics>
  </project>
</coverage>
