{"C:\\Users\\NDENNY\\EDUC-PEN-REQUEST\\frontend\\src\\App.vue": {"path":"C:\\Users\\NDENNY\\EDUC-PEN-REQUEST\\frontend\\src\\App.vue","statementMap":{"0":{"start":{"line":10,"column":0},"end":{"line":null,"column":-1}},"1":{"start":{"line":11,"column":0},"end":{"line":null,"column":-1}}},"fnMap":{},"branchMap":{},"s":{"0":1,"1":1},"f":{},"b":{}}
,"C:\\Users\\NDENNY\\EDUC-PEN-REQUEST\\frontend\\src\\common\\apiService.js": {"path":"C:\\Users\\NDENNY\\EDUC-PEN-REQUEST\\frontend\\src\\common\\apiService.js","statementMap":{"0":{"start":{"line":5,"column":19},"end":{"line":5,"column":24}},"1":{"start":{"line":6,"column":18},"end":{"line":6,"column":20}},"2":{"start":{"line":9,"column":2},"end":{"line":15,"column":5}},"3":{"start":{"line":10,"column":4},"end":{"line":14,"column":5}},"4":{"start":{"line":11,"column":6},"end":{"line":11,"column":25}},"5":{"start":{"line":13,"column":6},"end":{"line":13,"column":26}},"6":{"start":{"line":17,"column":2},"end":{"line":17,"column":19}},"7":{"start":{"line":21,"column":17},"end":{"line":21,"column":31}},"8":{"start":{"line":22,"column":18},"end":{"line":66,"column":2}},"9":{"start":{"line":22,"column":63},"end":{"line":22,"column":69}},"10":{"start":{"line":23,"column":26},"end":{"line":23,"column":38}},"11":{"start":{"line":24,"column":2},"end":{"line":63,"column":3}},"12":{"start":{"line":25,"column":4},"end":{"line":35,"column":5}},"13":{"start":{"line":26,"column":6},"end":{"line":34,"column":9}},"14":{"start":{"line":27,"column":8},"end":{"line":33,"column":9}},"15":{"start":{"line":28,"column":24},"end":{"line":28,"column":61}},"16":{"start":{"line":29,"column":10},"end":{"line":29,"column":71}},"17":{"start":{"line":30,"column":10},"end":{"line":30,"column":40}},"18":{"start":{"line":32,"column":10},"end":{"line":32,"column":19}},"19":{"start":{"line":37,"column":4},"end":{"line":37,"column":34}},"20":{"start":{"line":38,"column":4},"end":{"line":38,"column":24}},"21":{"start":{"line":40,"column":4},"end":{"line":62,"column":7}},"22":{"start":{"line":41,"column":6},"end":{"line":61,"column":45}},"23":{"start":{"line":43,"column":10},"end":{"line":47,"column":11}},"24":{"start":{"line":44,"column":12},"end":{"line":44,"column":59}},"25":{"start":{"line":45,"column":12},"end":{"line":45,"column":89}},"26":{"start":{"line":46,"column":12},"end":{"line":46,"column":80}},"27":{"start":{"line":48,"column":10},"end":{"line":50,"column":11}},"28":{"start":{"line":49,"column":12},"end":{"line":49,"column":72}},"29":{"start":{"line":52,"column":10},"end":{"line":52,"column":43}},"30":{"start":{"line":53,"column":10},"end":{"line":53,"column":42}},"31":{"start":{"line":56,"column":10},"end":{"line":56,"column":32}},"32":{"start":{"line":57,"column":10},"end":{"line":57,"column":46}},"33":{"start":{"line":58,"column":10},"end":{"line":58,"column":50}},"34":{"start":{"line":59,"column":10},"end":{"line":59,"column":20}},"35":{"start":{"line":61,"column":23},"end":{"line":61,"column":43}},"36":{"start":{"line":65,"column":2},"end":{"line":65,"column":31}},"37":{"start":{"line":76,"column":4},"end":{"line":80,"column":5}},"38":{"start":{"line":77,"column":6},"end":{"line":77,"column":76}},"39":{"start":{"line":79,"column":6},"end":{"line":79,"column":63}}},"fnMap":{"0":{"name":"processQueue","decl":{"start":{"line":8,"column":9},"end":{"line":8,"column":21}},"loc":{"start":{"line":8,"column":43},"end":{"line":18,"column":1}},"line":8},"1":{"name":"(anonymous_1)","decl":{"start":{"line":9,"column":22},"end":{"line":9,"column":23}},"loc":{"start":{"line":9,"column":30},"end":{"line":15,"column":3}},"line":9},"2":{"name":"(anonymous_2)","decl":{"start":{"line":22,"column":53},"end":{"line":22,"column":54}},"loc":{"start":{"line":22,"column":63},"end":{"line":22,"column":69}},"line":22},"3":{"name":"(anonymous_3)","decl":{"start":{"line":22,"column":71},"end":{"line":22,"column":72}},"loc":{"start":{"line":22,"column":80},"end":{"line":66,"column":1}},"line":22},"4":{"name":"(anonymous_4)","decl":{"start":{"line":26,"column":25},"end":{"line":26,"column":26}},"loc":{"start":{"line":26,"column":46},"end":{"line":34,"column":7}},"line":26},"5":{"name":"(anonymous_5)","decl":{"start":{"line":40,"column":23},"end":{"line":40,"column":24}},"loc":{"start":{"line":40,"column":44},"end":{"line":62,"column":5}},"line":40},"6":{"name":"(anonymous_6)","decl":{"start":{"line":42,"column":14},"end":{"line":42,"column":15}},"loc":{"start":{"line":42,"column":26},"end":{"line":54,"column":9}},"line":42},"7":{"name":"(anonymous_7)","decl":{"start":{"line":55,"column":15},"end":{"line":55,"column":16}},"loc":{"start":{"line":55,"column":20},"end":{"line":60,"column":9}},"line":55},"8":{"name":"(anonymous_8)","decl":{"start":{"line":61,"column":17},"end":{"line":61,"column":18}},"loc":{"start":{"line":61,"column":23},"end":{"line":61,"column":43}},"line":61}},"branchMap":{"0":{"loc":{"start":{"line":8,"column":29},"end":{"line":8,"column":41}},"type":"default-arg","locations":[{"start":{"line":8,"column":37},"end":{"line":8,"column":41}}],"line":8},"1":{"loc":{"start":{"line":10,"column":4},"end":{"line":14,"column":5}},"type":"if","locations":[{"start":{"line":10,"column":4},"end":{"line":14,"column":5}},{"start":{"line":10,"column":4},"end":{"line":14,"column":5}}],"line":10},"2":{"loc":{"start":{"line":24,"column":2},"end":{"line":63,"column":3}},"type":"if","locations":[{"start":{"line":24,"column":2},"end":{"line":63,"column":3}},{"start":{"line":24,"column":2},"end":{"line":63,"column":3}}],"line":24},"3":{"loc":{"start":{"line":24,"column":6},"end":{"line":24,"column":62}},"type":"binary-expr","locations":[{"start":{"line":24,"column":6},"end":{"line":24,"column":35}},{"start":{"line":24,"column":39},"end":{"line":24,"column":62}}],"line":24},"4":{"loc":{"start":{"line":25,"column":4},"end":{"line":35,"column":5}},"type":"if","locations":[{"start":{"line":25,"column":4},"end":{"line":35,"column":5}},{"start":{"line":25,"column":4},"end":{"line":35,"column":5}}],"line":25},"5":{"loc":{"start":{"line":43,"column":10},"end":{"line":47,"column":11}},"type":"if","locations":[{"start":{"line":43,"column":10},"end":{"line":47,"column":11}},{"start":{"line":43,"column":10},"end":{"line":47,"column":11}}],"line":43},"6":{"loc":{"start":{"line":48,"column":10},"end":{"line":50,"column":11}},"type":"if","locations":[{"start":{"line":48,"column":10},"end":{"line":50,"column":11}},{"start":{"line":48,"column":10},"end":{"line":50,"column":11}}],"line":48},"7":{"loc":{"start":{"line":76,"column":4},"end":{"line":80,"column":5}},"type":"if","locations":[{"start":{"line":76,"column":4},"end":{"line":80,"column":5}},{"start":{"line":76,"column":4},"end":{"line":80,"column":5}}],"line":76}},"s":{"0":8,"1":8,"2":2,"3":0,"4":0,"5":0,"6":2,"7":8,"8":8,"9":0,"10":0,"11":0,"12":0,"13":0,"14":0,"15":0,"16":0,"17":0,"18":0,"19":0,"20":0,"21":0,"22":0,"23":0,"24":0,"25":0,"26":0,"27":0,"28":0,"29":0,"30":0,"31":0,"32":0,"33":0,"34":0,"35":0,"36":0,"37":2,"38":1,"39":1},"f":{"0":2,"1":0,"2":0,"3":0,"4":0,"5":0,"6":0,"7":0,"8":0},"b":{"0":[0],"1":[0,0],"2":[0,0],"3":[0,0],"4":[0,0],"5":[0,0],"6":[0,0],"7":[1,1]},"_coverageSchema":"332fd63041d2c1bcb487cc26dd0d5f7d97098a6c","hash":"23fc468ef89fd7a49431c6ad74a177d91c162132"}
,"C:\\Users\\NDENNY\\EDUC-PEN-REQUEST\\frontend\\src\\common\\authService.js": {"path":"C:\\Users\\NDENNY\\EDUC-PEN-REQUEST\\frontend\\src\\common\\authService.js","statementMap":{"0":{"start":{"line":8,"column":4},"end":{"line":13,"column":5}},"1":{"start":{"line":9,"column":23},"end":{"line":9,"column":56}},"2":{"start":{"line":10,"column":6},"end":{"line":10,"column":27}},"3":{"start":{"line":12,"column":6},"end":{"line":12,"column":14}},"4":{"start":{"line":18,"column":4},"end":{"line":31,"column":5}},"5":{"start":{"line":19,"column":23},"end":{"line":21,"column":8}},"6":{"start":{"line":23,"column":6},"end":{"line":25,"column":7}},"7":{"start":{"line":24,"column":8},"end":{"line":24,"column":56}},"8":{"start":{"line":27,"column":6},"end":{"line":27,"column":27}},"9":{"start":{"line":29,"column":6},"end":{"line":29,"column":56}},"10":{"start":{"line":30,"column":6},"end":{"line":30,"column":14}}},"fnMap":{},"branchMap":{"0":{"loc":{"start":{"line":23,"column":6},"end":{"line":25,"column":7}},"type":"if","locations":[{"start":{"line":23,"column":6},"end":{"line":25,"column":7}},{"start":{"line":23,"column":6},"end":{"line":25,"column":7}}],"line":23}},"s":{"0":3,"1":3,"2":1,"3":1,"4":3,"5":3,"6":2,"7":1,"8":1,"9":1,"10":1},"f":{},"b":{"0":[1,1]},"_coverageSchema":"332fd63041d2c1bcb487cc26dd0d5f7d97098a6c","hash":"2c28d1998ff754596a60a0ec4d491a441bf58cfd"}
,"C:\\Users\\NDENNY\\EDUC-PEN-REQUEST\\frontend\\src\\components\\Header.vue": {"path":"C:\\Users\\NDENNY\\EDUC-PEN-REQUEST\\frontend\\src\\components\\Header.vue","statementMap":{"0":{"start":{"line":33,"column":0},"end":{"line":null,"column":-1}},"1":{"start":{"line":36,"column":0},"end":{"line":null,"column":-1}},"2":{"start":{"line":45,"column":0},"end":{"line":null,"column":-1}}},"fnMap":{"0":{"name":"data","decl":{"start":{"line":35,"column":0},"end":{"line":null,"column":-1}},"loc":{"start":{"line":35,"column":0},"end":{"line":39,"column":0}}},"1":{"name":"logout","decl":{"start":{"line":44,"column":0},"end":{"line":null,"column":-1}},"loc":{"start":{"line":44,"column":0},"end":{"line":46,"column":0}}}},"branchMap":{},"s":{"0":2,"1":2,"2":1},"f":{"0":2,"1":1},"b":{}}
,"C:\\Users\\NDENNY\\EDUC-PEN-REQUEST\\frontend\\src\\components\\Home.vue": {"path":"C:\\Users\\NDENNY\\EDUC-PEN-REQUEST\\frontend\\src\\components\\Home.vue","statementMap":{"0":{"start":{"line":11,"column":0},"end":{"line":null,"column":-1}}},"fnMap":{"0":{"name":"data","decl":{"start":{"line":10,"column":0},"end":{"line":null,"column":-1}},"loc":{"start":{"line":10,"column":0},"end":{"line":12,"column":0}}}},"branchMap":{},"s":{"0":1},"f":{"0":1},"b":{}}
,"C:\\Users\\NDENNY\\EDUC-PEN-REQUEST\\frontend\\src\\components\\Landing.vue": {"path":"C:\\Users\\NDENNY\\EDUC-PEN-REQUEST\\frontend\\src\\components\\Landing.vue","statementMap":{"0":{"start":{"line":10,"column":0},"end":{"line":null,"column":-1}}},"fnMap":{},"branchMap":{},"s":{"0":1},"f":{},"b":{}}
,"C:\\Users\\NDENNY\\EDUC-PEN-REQUEST\\frontend\\src\\components\\Login.vue": {"path":"C:\\Users\\NDENNY\\EDUC-PEN-REQUEST\\frontend\\src\\components\\Login.vue","statementMap":{"0":{"start":{"line":16,"column":0},"end":{"line":null,"column":-1}},"1":{"start":{"line":24,"column":0},"end":{"line":null,"column":-1}},"2":{"start":{"line":25,"column":0},"end":{"line":null,"column":-1}},"3":{"start":{"line":26,"column":0},"end":{"line":null,"column":-1}}},"fnMap":{"0":{"name":"mockLogin","decl":{"start":{"line":23,"column":0},"end":{"line":null,"column":-1}},"loc":{"start":{"line":23,"column":0},"end":{"line":27,"column":0}}}},"branchMap":{},"s":{"0":2,"1":1,"2":1,"3":1},"f":{"0":1},"b":{}}
,"C:\\Users\\NDENNY\\EDUC-PEN-REQUEST\\frontend\\src\\store\\index.js": {"path":"C:\\Users\\NDENNY\\EDUC-PEN-REQUEST\\frontend\\src\\store\\index.js","statementMap":{"0":{"start":{"line":4,"column":0},"end":{"line":4,"column":14}}},"fnMap":{},"branchMap":{},"s":{"0":1},"f":{},"b":{},"_coverageSchema":"332fd63041d2c1bcb487cc26dd0d5f7d97098a6c","hash":"991ad4415625b66cebefcc97d15e302472672a0d"}
,"C:\\Users\\NDENNY\\EDUC-PEN-REQUEST\\frontend\\src\\store\\modules\\auth.js": {"path":"C:\\Users\\NDENNY\\EDUC-PEN-REQUEST\\frontend\\src\\store\\modules\\auth.js","statementMap":{"0":{"start":{"line":11,"column":23},"end":{"line":11,"column":37}},"1":{"start":{"line":12,"column":30},"end":{"line":12,"column":51}},"2":{"start":{"line":13,"column":20},"end":{"line":13,"column":52}},"3":{"start":{"line":14,"column":24},"end":{"line":14,"column":60}},"4":{"start":{"line":19,"column":6},"end":{"line":35,"column":7}},"5":{"start":{"line":20,"column":24},"end":{"line":20,"column":61}},"6":{"start":{"line":21,"column":22},"end":{"line":21,"column":48}},"7":{"start":{"line":23,"column":8},"end":{"line":27,"column":9}},"8":{"start":{"line":24,"column":10},"end":{"line":24,"column":97}},"9":{"start":{"line":24,"column":48},"end":{"line":24,"column":95}},"10":{"start":{"line":26,"column":10},"end":{"line":26,"column":30}},"11":{"start":{"line":29,"column":8},"end":{"line":29,"column":37}},"12":{"start":{"line":30,"column":8},"end":{"line":30,"column":48}},"13":{"start":{"line":32,"column":8},"end":{"line":32,"column":28}},"14":{"start":{"line":33,"column":8},"end":{"line":33,"column":38}},"15":{"start":{"line":34,"column":8},"end":{"line":34,"column":44}},"16":{"start":{"line":40,"column":6},"end":{"line":44,"column":7}},"17":{"start":{"line":41,"column":8},"end":{"line":41,"column":52}},"18":{"start":{"line":43,"column":8},"end":{"line":43,"column":48}},"19":{"start":{"line":47,"column":6},"end":{"line":47,"column":46}},"20":{"start":{"line":48,"column":6},"end":{"line":48,"column":42}},"21":{"start":{"line":49,"column":6},"end":{"line":49,"column":36}},"22":{"start":{"line":55,"column":6},"end":{"line":87,"column":7}},"23":{"start":{"line":56,"column":8},"end":{"line":82,"column":9}},"24":{"start":{"line":57,"column":22},"end":{"line":57,"column":49}},"25":{"start":{"line":58,"column":29},"end":{"line":58,"column":67}},"26":{"start":{"line":59,"column":26},"end":{"line":59,"column":61}},"27":{"start":{"line":61,"column":10},"end":{"line":71,"column":11}},"28":{"start":{"line":62,"column":29},"end":{"line":62,"column":93}},"29":{"start":{"line":64,"column":12},"end":{"line":66,"column":13}},"30":{"start":{"line":65,"column":14},"end":{"line":65,"column":58}},"31":{"start":{"line":67,"column":12},"end":{"line":69,"column":13}},"32":{"start":{"line":68,"column":14},"end":{"line":68,"column":71}},"33":{"start":{"line":70,"column":12},"end":{"line":70,"column":51}},"34":{"start":{"line":73,"column":27},"end":{"line":73,"column":59}},"35":{"start":{"line":75,"column":10},"end":{"line":77,"column":11}},"36":{"start":{"line":76,"column":12},"end":{"line":76,"column":56}},"37":{"start":{"line":78,"column":10},"end":{"line":80,"column":11}},"38":{"start":{"line":79,"column":12},"end":{"line":79,"column":69}},"39":{"start":{"line":81,"column":10},"end":{"line":81,"column":49}},"40":{"start":{"line":85,"column":8},"end":{"line":85,"column":38}},"41":{"start":{"line":86,"column":8},"end":{"line":86,"column":42}}},"fnMap":{"0":{"name":"(anonymous_0)","decl":{"start":{"line":11,"column":14},"end":{"line":11,"column":15}},"loc":{"start":{"line":11,"column":23},"end":{"line":11,"column":37}},"line":11},"1":{"name":"(anonymous_1)","decl":{"start":{"line":12,"column":21},"end":{"line":12,"column":22}},"loc":{"start":{"line":12,"column":30},"end":{"line":12,"column":51}},"line":12},"2":{"name":"(anonymous_2)","decl":{"start":{"line":13,"column":14},"end":{"line":13,"column":15}},"loc":{"start":{"line":13,"column":20},"end":{"line":13,"column":52}},"line":13},"3":{"name":"(anonymous_3)","decl":{"start":{"line":14,"column":18},"end":{"line":14,"column":19}},"loc":{"start":{"line":14,"column":24},"end":{"line":14,"column":60}},"line":14},"4":{"name":"(anonymous_4)","decl":{"start":{"line":18,"column":17},"end":{"line":18,"column":18}},"loc":{"start":{"line":18,"column":42},"end":{"line":36,"column":5}},"line":18},"5":{"name":"(anonymous_5)","decl":{"start":{"line":24,"column":40},"end":{"line":24,"column":41}},"loc":{"start":{"line":24,"column":48},"end":{"line":24,"column":95}},"line":24},"6":{"name":"(anonymous_6)","decl":{"start":{"line":39,"column":21},"end":{"line":39,"column":22}},"loc":{"start":{"line":39,"column":47},"end":{"line":45,"column":5}},"line":39},"7":{"name":"(anonymous_7)","decl":{"start":{"line":46,"column":17},"end":{"line":46,"column":18}},"loc":{"start":{"line":46,"column":28},"end":{"line":50,"column":5}},"line":46}},"branchMap":{"0":{"loc":{"start":{"line":18,"column":25},"end":{"line":18,"column":37}},"type":"default-arg","locations":[{"start":{"line":18,"column":33},"end":{"line":18,"column":37}}],"line":18},"1":{"loc":{"start":{"line":19,"column":6},"end":{"line":35,"column":7}},"type":"if","locations":[{"start":{"line":19,"column":6},"end":{"line":35,"column":7}},{"start":{"line":19,"column":6},"end":{"line":35,"column":7}}],"line":19},"2":{"loc":{"start":{"line":23,"column":8},"end":{"line":27,"column":9}},"type":"if","locations":[{"start":{"line":23,"column":8},"end":{"line":27,"column":9}},{"start":{"line":23,"column":8},"end":{"line":27,"column":9}}],"line":23},"3":{"loc":{"start":{"line":23,"column":12},"end":{"line":23,"column":63}},"type":"binary-expr","locations":[{"start":{"line":23,"column":12},"end":{"line":23,"column":37}},{"start":{"line":23,"column":41},"end":{"line":23,"column":63}}],"line":23},"4":{"loc":{"start":{"line":39,"column":30},"end":{"line":39,"column":42}},"type":"default-arg","locations":[{"start":{"line":39,"column":38},"end":{"line":39,"column":42}}],"line":39},"5":{"loc":{"start":{"line":40,"column":6},"end":{"line":44,"column":7}},"type":"if","locations":[{"start":{"line":40,"column":6},"end":{"line":44,"column":7}},{"start":{"line":40,"column":6},"end":{"line":44,"column":7}}],"line":40},"6":{"loc":{"start":{"line":56,"column":8},"end":{"line":82,"column":9}},"type":"if","locations":[{"start":{"line":56,"column":8},"end":{"line":82,"column":9}},{"start":{"line":56,"column":8},"end":{"line":82,"column":9}}],"line":56},"7":{"loc":{"start":{"line":56,"column":12},"end":{"line":56,"column":77}},"type":"binary-expr","locations":[{"start":{"line":56,"column":12},"end":{"line":56,"column":43}},{"start":{"line":56,"column":47},"end":{"line":56,"column":77}}],"line":56},"8":{"loc":{"start":{"line":61,"column":10},"end":{"line":71,"column":11}},"type":"if","locations":[{"start":{"line":61,"column":10},"end":{"line":71,"column":11}},{"start":{"line":61,"column":10},"end":{"line":71,"column":11}}],"line":61},"9":{"loc":{"start":{"line":64,"column":12},"end":{"line":66,"column":13}},"type":"if","locations":[{"start":{"line":64,"column":12},"end":{"line":66,"column":13}},{"start":{"line":64,"column":12},"end":{"line":66,"column":13}}],"line":64},"10":{"loc":{"start":{"line":67,"column":12},"end":{"line":69,"column":13}},"type":"if","locations":[{"start":{"line":67,"column":12},"end":{"line":69,"column":13}},{"start":{"line":67,"column":12},"end":{"line":69,"column":13}}],"line":67},"11":{"loc":{"start":{"line":75,"column":10},"end":{"line":77,"column":11}},"type":"if","locations":[{"start":{"line":75,"column":10},"end":{"line":77,"column":11}},{"start":{"line":75,"column":10},"end":{"line":77,"column":11}}],"line":75},"12":{"loc":{"start":{"line":78,"column":10},"end":{"line":80,"column":11}},"type":"if","locations":[{"start":{"line":78,"column":10},"end":{"line":80,"column":11}},{"start":{"line":78,"column":10},"end":{"line":80,"column":11}}],"line":78}},"s":{"0":0,"1":4,"2":3,"3":4,"4":5,"5":4,"6":4,"7":4,"8":4,"9":12,"10":0,"11":4,"12":4,"13":1,"14":1,"15":1,"16":4,"17":3,"18":1,"19":2,"20":2,"21":2,"22":2,"23":2,"24":1,"25":1,"26":1,"27":1,"28":0,"29":0,"30":0,"31":0,"32":0,"33":0,"34":1,"35":0,"36":0,"37":0,"38":0,"39":0,"40":0,"41":0},"f":{"0":0,"1":4,"2":3,"3":4,"4":5,"5":12,"6":4,"7":2},"b":{"0":[1],"1":[4,1],"2":[4,0],"3":[4,4],"4":[1],"5":[3,1],"6":[1,1],"7":[2,1],"8":[0,1],"9":[0,0],"10":[0,0],"11":[0,0],"12":[0,0]},"_coverageSchema":"332fd63041d2c1bcb487cc26dd0d5f7d97098a6c","hash":"ff4df0074dba8013f1e2ff252cc2b0fc30fe04d3"}
,"C:\\Users\\NDENNY\\EDUC-PEN-REQUEST\\frontend\\src\\utils\\constants.js": {"path":"C:\\Users\\NDENNY\\EDUC-PEN-REQUEST\\frontend\\src\\utils\\constants.js","statementMap":{"0":{"start":{"line":1,"column":17},"end":{"line":1,"column":23}},"1":{"start":{"line":4,"column":17},"end":{"line":4,"column":35}},"2":{"start":{"line":5,"column":26},"end":{"line":10,"column":2}}},"fnMap":{},"branchMap":{},"s":{"0":7,"1":7,"2":7},"f":{},"b":{},"_coverageSchema":"332fd63041d2c1bcb487cc26dd0d5f7d97098a6c","hash":"b7e4b49f1fcc846ef1d7434f2aa75bbbfc399237"}
}
