TN:
SF:C:\Users\NDENNY\EDUC-PEN-REQUEST\frontend\src\App.vue
FNF:0
FNH:0
DA:10,1
DA:11,1
LF:2
LH:2
BRF:0
BRH:0
end_of_record
TN:
SF:C:\Users\NDENNY\EDUC-PEN-REQUEST\frontend\src\common\apiService.js
FN:8,processQueue
FN:9,(anonymous_1)
FN:22,(anonymous_2)
FN:22,(anonymous_3)
FN:26,(anonymous_4)
FN:40,(anonymous_5)
FN:42,(anonymous_6)
FN:55,(anonymous_7)
FN:61,(anonymous_8)
FNF:9
FNH:1
FNDA:2,processQueue
FNDA:0,(anonymous_1)
FNDA:0,(anonymous_2)
FNDA:0,(anonymous_3)
FNDA:0,(anonymous_4)
FNDA:0,(anonymous_5)
FNDA:0,(anonymous_6)
FNDA:0,(anonymous_7)
FNDA:0,(anonymous_8)
DA:5,8
DA:6,8
DA:9,2
DA:10,0
DA:11,0
DA:13,0
DA:17,2
DA:21,8
DA:22,8
DA:23,0
DA:24,0
DA:25,0
DA:26,0
DA:27,0
DA:28,0
DA:29,0
DA:30,0
DA:32,0
DA:37,0
DA:38,0
DA:40,0
DA:41,0
DA:43,0
DA:44,0
DA:45,0
DA:46,0
DA:48,0
DA:49,0
DA:52,0
DA:53,0
DA:56,0
DA:57,0
DA:58,0
DA:59,0
DA:61,0
DA:65,0
DA:76,2
DA:77,1
DA:79,1
LF:39
LH:9
BRDA:8,0,0,0
BRDA:10,1,0,0
BRDA:10,1,1,0
BRDA:24,2,0,0
BRDA:24,2,1,0
BRDA:24,3,0,0
BRDA:24,3,1,0
BRDA:25,4,0,0
BRDA:25,4,1,0
BRDA:43,5,0,0
BRDA:43,5,1,0
BRDA:48,6,0,0
BRDA:48,6,1,0
BRDA:76,7,0,1
BRDA:76,7,1,1
BRF:15
BRH:2
end_of_record
TN:
SF:C:\Users\NDENNY\EDUC-PEN-REQUEST\frontend\src\common\authService.js
FNF:0
FNH:0
DA:8,3
DA:9,3
DA:10,1
DA:12,1
DA:18,3
DA:19,3
DA:23,2
DA:24,1
DA:27,1
DA:29,1
DA:30,1
LF:11
LH:11
BRDA:23,0,0,1
BRDA:23,0,1,1
BRF:2
BRH:2
end_of_record
TN:
SF:C:\Users\NDENNY\EDUC-PEN-REQUEST\frontend\src\components\Header.vue
FN:35,data
FN:44,logout
FNF:2
FNH:2
FNDA:2,data
FNDA:1,logout
DA:33,2
DA:36,2
DA:45,1
LF:3
LH:3
BRF:0
BRH:0
end_of_record
TN:
SF:C:\Users\NDENNY\EDUC-PEN-REQUEST\frontend\src\components\Home.vue
FN:10,data
FNF:1
FNH:1
FNDA:1,data
DA:11,1
LF:1
LH:1
BRF:0
BRH:0
end_of_record
TN:
SF:C:\Users\NDENNY\EDUC-PEN-REQUEST\frontend\src\components\Landing.vue
FNF:0
FNH:0
DA:10,1
LF:1
LH:1
BRF:0
BRH:0
end_of_record
TN:
SF:C:\Users\NDENNY\EDUC-PEN-REQUEST\frontend\src\components\Login.vue
FN:23,mockLogin
FNF:1
FNH:1
FNDA:1,mockLogin
DA:16,2
DA:24,1
DA:25,1
DA:26,1
LF:4
LH:4
BRF:0
BRH:0
end_of_record
TN:
SF:C:\Users\NDENNY\EDUC-PEN-REQUEST\frontend\src\store\index.js
FNF:0
FNH:0
DA:4,1
LF:1
LH:1
BRF:0
BRH:0
end_of_record
TN:
SF:C:\Users\NDENNY\EDUC-PEN-REQUEST\frontend\src\store\modules\auth.js
FN:11,(anonymous_0)
FN:12,(anonymous_1)
FN:13,(anonymous_2)
FN:14,(anonymous_3)
FN:18,(anonymous_4)
FN:24,(anonymous_5)
FN:39,(anonymous_6)
FN:46,(anonymous_7)
FNF:8
FNH:7
FNDA:0,(anonymous_0)
FNDA:4,(anonymous_1)
FNDA:3,(anonymous_2)
FNDA:4,(anonymous_3)
FNDA:5,(anonymous_4)
FNDA:12,(anonymous_5)
FNDA:4,(anonymous_6)
FNDA:2,(anonymous_7)
DA:11,0
DA:12,4
DA:13,3
DA:14,4
DA:19,5
DA:20,4
DA:21,4
DA:23,4
DA:24,12
DA:26,0
DA:29,4
DA:30,4
DA:32,1
DA:33,1
DA:34,1
DA:40,4
DA:41,3
DA:43,1
DA:47,2
DA:48,2
DA:49,2
DA:55,2
DA:56,2
DA:57,1
DA:58,1
DA:59,1
DA:61,1
DA:62,0
DA:64,0
DA:65,0
DA:67,0
DA:68,0
DA:70,0
DA:73,1
DA:75,0
DA:76,0
DA:78,0
DA:79,0
DA:81,0
DA:85,0
DA:86,0
LF:41
LH:26
BRDA:18,0,0,1
BRDA:19,1,0,4
BRDA:19,1,1,1
BRDA:23,2,0,4
BRDA:23,2,1,0
BRDA:23,3,0,4
BRDA:23,3,1,4
BRDA:39,4,0,1
BRDA:40,5,0,3
BRDA:40,5,1,1
BRDA:56,6,0,1
BRDA:56,6,1,1
BRDA:56,7,0,2
BRDA:56,7,1,1
BRDA:61,8,0,0
BRDA:61,8,1,1
BRDA:64,9,0,0
BRDA:64,9,1,0
BRDA:67,10,0,0
BRDA:67,10,1,0
BRDA:75,11,0,0
BRDA:75,11,1,0
BRDA:78,12,0,0
BRDA:78,12,1,0
BRF:24
BRH:14
end_of_record
TN:
SF:C:\Users\NDENNY\EDUC-PEN-REQUEST\frontend\src\utils\constants.js
FNF:0
FNH:0
DA:1,7
DA:4,7
DA:5,7
LF:3
LH:3
BRF:0
BRH:0
end_of_record
