TN:
SF:C:\Users\NDENNY\EDUC-PEN-REQUEST\frontend\src\App.vue
FN:23,(anonymous_6)
FN:14,_callee
FNF:2
FNH:2
FNDA:1,(anonymous_6)
FNDA:3,_callee
DA:10,1
DA:11,1
DA:12,1
DA:14,8
DA:24,1
LF:5
LH:5
BRDA:14,0,0,1
BRDA:14,0,1,0
BRDA:14,0,2,0
BRF:3
BRH:1
end_of_record
TN:
SF:C:\Users\NDENNY\EDUC-PEN-REQUEST\frontend\src\common\apiService.js
FN:8,processQueue
FN:9,(anonymous_1)
FN:22,(anonymous_2)
FN:22,(anonymous_3)
FN:26,(anonymous_4)
FN:40,(anonymous_5)
FN:42,(anonymous_6)
FN:55,(anonymous_7)
FN:61,(anonymous_8)
FNF:9
FNH:1
FNDA:2,processQueue
FNDA:0,(anonymous_1)
FNDA:0,(anonymous_2)
FNDA:0,(anonymous_3)
FNDA:0,(anonymous_4)
FNDA:0,(anonymous_5)
FNDA:0,(anonymous_6)
FNDA:0,(anonymous_7)
FNDA:0,(anonymous_8)
DA:5,10
DA:6,10
DA:9,2
DA:10,0
DA:11,0
DA:13,0
DA:17,2
DA:21,10
DA:22,10
DA:23,0
DA:24,0
DA:25,0
DA:26,0
DA:27,0
DA:28,0
DA:29,0
DA:30,0
DA:32,0
DA:37,0
DA:38,0
DA:40,0
DA:41,0
DA:43,0
DA:44,0
DA:45,0
DA:46,0
DA:48,0
DA:49,0
DA:52,0
DA:53,0
DA:56,0
DA:57,0
DA:58,0
DA:59,0
DA:61,0
DA:65,0
DA:76,2
DA:77,1
DA:79,1
LF:39
LH:9
BRDA:8,0,0,0
BRDA:10,1,0,0
BRDA:10,1,1,0
BRDA:24,2,0,0
BRDA:24,2,1,0
BRDA:24,3,0,0
BRDA:24,3,1,0
BRDA:25,4,0,0
BRDA:25,4,1,0
BRDA:43,5,0,0
BRDA:43,5,1,0
BRDA:48,6,0,0
BRDA:48,6,1,0
BRDA:76,7,0,1
BRDA:76,7,1,1
BRF:15
BRH:2
end_of_record
TN:
SF:C:\Users\NDENNY\EDUC-PEN-REQUEST\frontend\src\common\authService.js
FNF:0
FNH:0
DA:8,7
DA:9,7
DA:10,1
DA:11,1
DA:12,0
DA:14,1
DA:16,1
DA:17,0
DA:23,3
DA:24,3
DA:28,2
DA:29,1
DA:32,1
DA:34,1
DA:35,1
LF:15
LH:13
BRDA:11,0,0,0
BRDA:11,0,1,1
BRDA:28,1,0,1
BRDA:28,1,1,1
BRF:4
BRH:3
end_of_record
TN:
SF:C:\Users\NDENNY\EDUC-PEN-REQUEST\frontend\src\components\Header.vue
FN:52,data
FN:64,clearStorage
FN:69,(anonymous_8)
FN:51,_callee
FNF:4
FNH:4
FNDA:2,data
FNDA:1,clearStorage
FNDA:2,(anonymous_8)
FNDA:6,_callee
DA:49,2
DA:50,2
DA:51,18
DA:53,2
DA:65,1
DA:66,1
DA:71,2
DA:73,0
LF:8
LH:7
BRDA:51,0,0,2
BRDA:51,0,1,0
BRDA:51,0,2,0
BRDA:51,0,3,0
BRDA:51,1,0,0
BRDA:51,1,1,2
BRF:6
BRH:2
end_of_record
TN:
SF:C:\Users\NDENNY\EDUC-PEN-REQUEST\frontend\src\components\Home.vue
FNF:0
FNH:0
DA:46,1
DA:47,1
DA:48,1
DA:49,1
LF:4
LH:4
BRF:0
BRH:0
end_of_record
TN:
SF:C:\Users\NDENNY\EDUC-PEN-REQUEST\frontend\src\components\Info.vue
FN:34,data
FNF:1
FNH:1
FNDA:1,data
DA:35,1
LF:1
LH:1
BRF:0
BRH:0
end_of_record
TN:
SF:C:\Users\NDENNY\EDUC-PEN-REQUEST\frontend\src\components\Login.vue
FN:22,data
FN:31,clearStorage
FNF:2
FNH:2
FNDA:3,data
FNDA:1,clearStorage
DA:18,2
DA:19,2
DA:23,3
DA:32,1
DA:33,1
LF:5
LH:5
BRF:0
BRH:0
end_of_record
TN:
SF:C:\Users\NDENNY\EDUC-PEN-REQUEST\frontend\src\components\LoginCards.vue
FN:29,data
FNF:1
FNH:1
FNDA:1,data
DA:30,1
LF:1
LH:1
BRF:0
BRH:0
end_of_record
TN:
SF:C:\Users\NDENNY\EDUC-PEN-REQUEST\frontend\src\components\UserCard.vue
FN:48,userLetter
FN:52,mounted
FN:55,data
FN:61,getAccountType
FNF:4
FNH:3
FNDA:2,userLetter
FNDA:2,mounted
FNDA:2,data
FNDA:0,getAccountType
DA:43,2
DA:49,2
DA:53,2
DA:56,2
DA:62,0
DA:63,0
LF:6
LH:4
BRF:0
BRH:0
end_of_record
TN:
SF:C:\Users\NDENNY\EDUC-PEN-REQUEST\frontend\src\components\UserInfo.vue
FNF:0
FNH:0
DA:8,1
LF:1
LH:1
BRF:0
BRH:0
end_of_record
TN:
SF:C:\Users\NDENNY\EDUC-PEN-REQUEST\frontend\src\store\index.js
FNF:0
FNH:0
DA:5,1
LF:1
LH:1
BRF:0
BRH:0
end_of_record
TN:
SF:C:\Users\NDENNY\EDUC-PEN-REQUEST\frontend\src\store\modules\auth.js
FN:12,(anonymous_0)
FN:13,(anonymous_1)
FN:14,(anonymous_2)
FN:15,(anonymous_3)
FN:16,(anonymous_4)
FN:20,(anonymous_5)
FN:28,(anonymous_6)
FN:41,(anonymous_7)
FN:50,(anonymous_8)
FN:57,(anonymous_9)
FNF:10
FNH:8
FNDA:0,(anonymous_0)
FNDA:6,(anonymous_1)
FNDA:3,(anonymous_2)
FNDA:4,(anonymous_3)
FNDA:4,(anonymous_4)
FNDA:6,(anonymous_5)
FNDA:9,(anonymous_6)
FNDA:0,(anonymous_7)
FNDA:5,(anonymous_8)
FNDA:1,(anonymous_9)
DA:12,0
DA:13,6
DA:14,3
DA:15,4
DA:16,4
DA:21,6
DA:23,3
DA:24,3
DA:25,3
DA:27,3
DA:28,9
DA:30,0
DA:33,3
DA:34,3
DA:36,3
DA:37,3
DA:38,3
DA:42,0
DA:43,0
DA:45,0
DA:51,5
DA:52,2
DA:54,3
DA:58,1
DA:59,1
DA:60,1
DA:61,1
DA:67,3
DA:68,3
DA:69,1
DA:70,0
DA:71,0
DA:73,1
DA:74,1
DA:75,1
DA:77,1
DA:78,0
DA:80,0
DA:81,0
DA:83,0
DA:84,0
DA:86,0
DA:90,2
DA:91,0
DA:92,0
DA:94,2
DA:96,0
DA:97,0
DA:99,0
DA:100,0
DA:102,0
DA:107,0
DA:108,0
DA:112,3
DA:113,3
DA:114,0
DA:124,3
DA:125,0
DA:126,0
DA:128,0
DA:129,0
DA:133,0
LF:62
LH:34
BRDA:20,0,0,3
BRDA:21,1,0,3
BRDA:21,1,1,3
BRDA:23,2,0,3
BRDA:23,2,1,0
BRDA:27,3,0,3
BRDA:27,3,1,0
BRDA:27,4,0,3
BRDA:27,4,1,3
BRDA:42,5,0,0
BRDA:42,5,1,0
BRDA:50,6,0,3
BRDA:51,7,0,2
BRDA:51,7,1,3
BRDA:68,8,0,1
BRDA:68,8,1,2
BRDA:68,9,0,3
BRDA:68,9,1,1
BRDA:69,10,0,0
BRDA:69,10,1,1
BRDA:77,11,0,0
BRDA:77,11,1,1
BRDA:80,12,0,0
BRDA:80,12,1,0
BRDA:83,13,0,0
BRDA:83,13,1,0
BRDA:90,14,0,0
BRDA:90,14,1,2
BRDA:96,15,0,0
BRDA:96,15,1,0
BRDA:99,16,0,0
BRDA:99,16,1,0
BRDA:113,17,0,0
BRDA:113,17,1,3
BRDA:125,18,0,0
BRDA:125,18,1,0
BRF:36
BRH:18
end_of_record
TN:
SF:C:\Users\NDENNY\EDUC-PEN-REQUEST\frontend\src\utils\constants.js
FNF:0
FNH:0
DA:1,9
DA:2,9
DA:5,9
DA:6,0
DA:13,9
DA:21,9
LF:6
LH:5
BRDA:5,0,0,0
BRDA:5,0,1,9
BRF:2
BRH:1
end_of_record
